<?xml version="1.0" encoding="UTF-8"?>
<!-- Generated by org.testng.reporters.JUnitReportReporter -->
<testsuite hostname="DESKTOP-SQQCEP7" failures="0" tests="3" name="day11.firsttestcase" time="0.021" errors="0" timestamp="2024-12-27T19:08:32 IST" skipped="0">
  <testcase classname="day11.firsttestcase" name="openapp" time="0.018"/>
  <system-out/>
  <testcase classname="day11.firsttestcase" name="login" time="0.002"/>
  <system-out/>
  <testcase classname="day11.firsttestcase" name="logout" time="0.001"/>
  <system-out/>
</testsuite> <!-- day11.firsttestcase -->
