<?xml version="1.0" encoding="UTF-8"?>
<!-- Generated by org.testng.reporters.JUnitReportReporter -->
<testsuite hostname="DESKTOP-SQQCEP7" failures="0" tests="2" name="day13.c1" time="0.010" errors="0" timestamp="2024-12-27T19:26:34 IST" skipped="0">
  <testcase classname="day13.c1" name="search" time="0.009"/>
  <system-out/>
  <testcase classname="day13.c1" name="search" time="0.001"/>
  <system-out/>
</testsuite> <!-- day13.c1 -->
