<?xml version="1.0" encoding="UTF-8"?>
<!-- Generated by org.testng.reporters.JUnitReportReporter -->
<testsuite hostname="DESKTOP-SQQCEP7" failures="0" tests="2" name="day13.c2" time="0.004" errors="0" timestamp="2024-12-27T19:26:34 IST" skipped="0">
  <testcase classname="day13.c2" name="advancedserch" time="0.002"/>
  <system-out/>
  <testcase classname="day13.c2" name="advancedserch" time="0.002"/>
  <system-out/>
</testsuite> <!-- day13.c2 -->
