<?xml version="1.0" encoding="UTF-8"?>
<!-- Generated by org.testng.reporters.JUnitReportReporter -->
<testsuite hostname="DESKTOP-SQQCEP7" failures="0" tests="1" name="day17.logintest2" time="2.120" errors="0" timestamp="2024-12-11T22:38:08 IST" skipped="0">
  <testcase classname="day17.logintest2" name="testlogin" time="2.120"/>
  <system-out/>
</testsuite> <!-- day17.logintest2 -->
