<?xml version="1.0" encoding="UTF-8"?>
<!-- Generated by org.testng.reporters.JUnitReportReporter -->
<testsuite hostname="DESKTOP-SQQCEP7" failures="0" tests="3" name="day16.listeer" time="0.012" errors="0" timestamp="2024-12-27T21:11:35 IST" skipped="0">
  <testcase classname="day16.listeer" name="cart" time="0.008"/>
  <system-out/>
  <testcase classname="day16.listeer" name="search" time="0.003"/>
  <system-out/>
  <testcase classname="day16.listeer" name="advancedserch" time="0.001"/>
  <system-out/>
</testsuite> <!-- day16.listeer -->
