<?xml version="1.0" encoding="UTF-8"?>
<!-- Generated by org.testng.reporters.JUnitReportReporter -->
<testsuite hostname="DESKTOP-SQQCEP7" failures="0" tests="1" name="day17.logintest" time="2.173" errors="0" timestamp="2024-12-27T22:26:36 IST" skipped="0">
  <testcase classname="day17.logintest" name="testlogin" time="2.173"/>
  <system-out/>
</testsuite> <!-- day17.logintest -->
