<?xml version="1.0" encoding="UTF-8"?>
<!-- Generated by org.testng.reporters.JUnitReportReporter -->
<testsuite hostname="DESKTOP-SQQCEP7" failures="0" tests="2" name="day12.beforeafterclass" time="0.014" errors="0" timestamp="2024-12-27T19:22:08 IST" skipped="0">
  <testcase classname="day12.beforeafterclass" name="search" time="0.012"/>
  <system-out/>
  <testcase classname="day12.beforeafterclass" name="advancedserch" time="0.002"/>
  <system-out/>
</testsuite> <!-- day12.beforeafterclass -->
