<?xml version="1.0" encoding="UTF-8"?>
<!-- Generated by org.testng.reporters.JUnitReportReporter -->
<testsuite hostname="DESKTOP-SQQCEP7" failures="0" tests="2" name="day12.annotationsdemo" time="0.026" errors="0" timestamp="2024-12-27T19:21:45 IST" skipped="0">
  <testcase classname="day12.annotationsdemo" name="search" time="0.017"/>
  <system-out/>
  <testcase classname="day12.annotationsdemo" name="advancedserch" time="0.009"/>
  <system-out/>
</testsuite> <!-- day12.annotationsdemo -->
