<?xml version="1.0" encoding="UTF-8"?>
<!-- Generated by org.testng.reporters.JUnitReportReporter -->
<testsuite hostname="DESKTOP-SQQCEP7" failures="0" tests="2" name="day14.payment" time="0.021" errors="0" timestamp="2024-12-08T20:26:52 IST" skipped="0">
  <testcase classname="day14.payment" name="paymentinruppes" time="0.019"/>
  <system-out/>
  <testcase classname="day14.payment" name="paymentindollars" time="0.002"/>
  <system-out/>
</testsuite> <!-- day14.payment -->
