<?xml version="1.0" encoding="UTF-8"?>
<!-- Generated by org.testng.reporters.JUnitReportReporter -->
<testsuite hostname="DESKTOP-SQQCEP7" failures="0" tests="3" name="day14.login" time="0.016" errors="0" timestamp="2024-12-08T20:26:03 IST" skipped="0">
  <testcase classname="day14.login" name="loginfacebook" time="0.012"/>
  <system-out/>
  <testcase classname="day14.login" name="logintwitter" time="0.002"/>
  <system-out/>
  <testcase classname="day14.login" name="logininstagram" time="0.002"/>
  <system-out/>
</testsuite> <!-- day14.login -->
